{"C:\\Users\\Ronald Vizcaya\\.gemini\\antigravity-ide\\scratch\\sistema-autenticacion-p4\\backend\\src\\auth\\auth.controller.ts": {"path":"C:\\Users\\Ronald Vizcaya\\.gemini\\antigravity-ide\\scratch\\sistema-autenticacion-p4\\backend\\src\\auth\\auth.controller.ts","statementMap":{"0":{"start":{"line":1,"column":0},"end":{"line":1,"column":127}},"1":{"start":{"line":2,"column":0},"end":{"line":2,"column":45}},"2":{"start":{"line":3,"column":0},"end":{"line":3,"column":45}},"3":{"start":{"line":4,"column":0},"end":{"line":4,"column":34}},"4":{"start":{"line":7,"column":7},"end":{"line":101,"column":null}},"5":{"start":{"line":8,"column":31},"end":{"line":8,"column":44}},"6":{"start":{"line":12,"column":4},"end":{"line":12,"column":50}},"7":{"start":{"line":17,"column":4},"end":{"line":19,"column":5}},"8":{"start":{"line":18,"column":6},"end":{"line":18,"column":76}},"9":{"start":{"line":21,"column":17},"end":{"line":21,"column":78}},"10":{"start":{"line":22,"column":4},"end":{"line":24,"column":5}},"11":{"start":{"line":23,"column":6},"end":{"line":23,"column":66}},"12":{"start":{"line":26,"column":25},"end":{"line":26,"column":81}},"13":{"start":{"line":28,"column":18},"end":{"line":28,"column":33}},"14":{"start":{"line":29,"column":4},"end":{"line":33,"column":97}},"15":{"start":{"line":29,"column":43},"end":{"line":29,"column":71}},"16":{"start":{"line":30,"column":9},"end":{"line":33,"column":97}},"17":{"start":{"line":30,"column":44},"end":{"line":30,"column":71}},"18":{"start":{"line":31,"column":9},"end":{"line":33,"column":97}},"19":{"start":{"line":31,"column":47},"end":{"line":31,"column":73}},"20":{"start":{"line":32,"column":9},"end":{"line":33,"column":97}},"21":{"start":{"line":32,"column":47},"end":{"line":32,"column":72}},"22":{"start":{"line":33,"column":9},"end":{"line":33,"column":97}},"23":{"start":{"line":33,"column":79},"end":{"line":33,"column":97}},"24":{"start":{"line":35,"column":13},"end":{"line":35,"column":26}},"25":{"start":{"line":36,"column":4},"end":{"line":41,"column":58}},"26":{"start":{"line":36,"column":50},"end":{"line":36,"column":71}},"27":{"start":{"line":37,"column":9},"end":{"line":41,"column":58}},"28":{"start":{"line":37,"column":54},"end":{"line":37,"column":71}},"29":{"start":{"line":38,"column":9},"end":{"line":41,"column":58}},"30":{"start":{"line":38,"column":48},"end":{"line":38,"column":61}},"31":{"start":{"line":39,"column":9},"end":{"line":41,"column":58}},"32":{"start":{"line":39,"column":47},"end":{"line":39,"column":62}},"33":{"start":{"line":40,"column":9},"end":{"line":41,"column":58}},"34":{"start":{"line":40,"column":79},"end":{"line":40,"column":90}},"35":{"start":{"line":41,"column":9},"end":{"line":41,"column":58}},"36":{"start":{"line":41,"column":45},"end":{"line":41,"column":58}},"37":{"start":{"line":43,"column":33},"end":{"line":43,"column":53}},"38":{"start":{"line":46,"column":6},"end":{"line":51,"column":17}},"39":{"start":{"line":53,"column":13},"end":{"line":53,"column":87}},"40":{"start":{"line":54,"column":4},"end":{"line":54,"column":59}},"41":{"start":{"line":54,"column":42},"end":{"line":54,"column":59}},"42":{"start":{"line":56,"column":4},"end":{"line":56,"column":66}},"43":{"start":{"line":61,"column":4},"end":{"line":63,"column":5}},"44":{"start":{"line":62,"column":6},"end":{"line":62,"column":76}},"45":{"start":{"line":64,"column":4},"end":{"line":64,"column":75}},"46":{"start":{"line":70,"column":4},"end":{"line":70,"column":20}},"47":{"start":{"line":81,"column":4},"end":{"line":86,"column":6}},"48":{"start":{"line":92,"column":4},"end":{"line":92,"column":67}},"49":{"start":{"line":98,"column":22},"end":{"line":98,"column":53}},"50":{"start":{"line":99,"column":4},"end":{"line":99,"column":59}},"51":{"start":{"line":7,"column":13},"end":{"line":7,"column":27}},"52":{"start":{"line":11,"column":2},"end":{"line":13,"column":null}},"53":{"start":{"line":16,"column":8},"end":{"line":57,"column":null}},"54":{"start":{"line":60,"column":8},"end":{"line":65,"column":null}},"55":{"start":{"line":69,"column":2},"end":{"line":71,"column":null}},"56":{"start":{"line":75,"column":8},"end":{"line":87,"column":null}},"57":{"start":{"line":91,"column":8},"end":{"line":93,"column":null}},"58":{"start":{"line":97,"column":8},"end":{"line":100,"column":null}},"59":{"start":{"line":7,"column":13},"end":{"line":101,"column":null}}},"fnMap":{"0":{"name":"(anonymous_4)","decl":{"start":{"line":8,"column":2},"end":{"line":8,"column":31}},"loc":{"start":{"line":8,"column":55},"end":{"line":8,"column":60}}},"1":{"name":"(anonymous_5)","decl":{"start":{"line":11,"column":2},"end":{"line":11,"column":11}},"loc":{"start":{"line":11,"column":11},"end":{"line":13,"column":3}}},"2":{"name":"(anonymous_6)","decl":{"start":{"line":16,"column":2},"end":{"line":16,"column":7}},"loc":{"start":{"line":16,"column":93},"end":{"line":57,"column":3}}},"3":{"name":"(anonymous_7)","decl":{"start":{"line":60,"column":2},"end":{"line":60,"column":7}},"loc":{"start":{"line":60,"column":71},"end":{"line":65,"column":3}}},"4":{"name":"(anonymous_8)","decl":{"start":{"line":69,"column":2},"end":{"line":69,"column":12}},"loc":{"start":{"line":69,"column":23},"end":{"line":71,"column":3}}},"5":{"name":"(anonymous_9)","decl":{"start":{"line":75,"column":2},"end":{"line":75,"column":7}},"loc":{"start":{"line":79,"column":34},"end":{"line":87,"column":3}}},"6":{"name":"(anonymous_10)","decl":{"start":{"line":91,"column":2},"end":{"line":91,"column":7}},"loc":{"start":{"line":91,"column":57},"end":{"line":93,"column":3}}},"7":{"name":"(anonymous_11)","decl":{"start":{"line":97,"column":2},"end":{"line":97,"column":7}},"loc":{"start":{"line":97,"column":25},"end":{"line":100,"column":3}}}},"branchMap":{"0":{"loc":{"start":{"line":17,"column":4},"end":{"line":19,"column":5}},"type":"if","locations":[{"start":{"line":17,"column":4},"end":{"line":19,"column":5}}]},"1":{"loc":{"start":{"line":17,"column":8},"end":{"line":17,"column":36}},"type":"binary-expr","locations":[{"start":{"line":17,"column":8},"end":{"line":17,"column":21}},{"start":{"line":17,"column":25},"end":{"line":17,"column":36}}]},"2":{"loc":{"start":{"line":22,"column":4},"end":{"line":24,"column":5}},"type":"if","locations":[{"start":{"line":22,"column":4},"end":{"line":24,"column":5}}]},"3":{"loc":{"start":{"line":26,"column":25},"end":{"line":26,"column":81}},"type":"binary-expr","locations":[{"start":{"line":26,"column":25},"end":{"line":26,"column":50}},{"start":{"line":26,"column":54},"end":{"line":26,"column":81}}]},"4":{"loc":{"start":{"line":29,"column":4},"end":{"line":33,"column":97}},"type":"if","locations":[{"start":{"line":29,"column":4},"end":{"line":33,"column":97}},{"start":{"line":30,"column":9},"end":{"line":33,"column":97}}]},"5":{"loc":{"start":{"line":30,"column":9},"end":{"line":33,"column":97}},"type":"if","locations":[{"start":{"line":30,"column":9},"end":{"line":33,"column":97}},{"start":{"line":31,"column":9},"end":{"line":33,"column":97}}]},"6":{"loc":{"start":{"line":31,"column":9},"end":{"line":33,"column":97}},"type":"if","locations":[{"start":{"line":31,"column":9},"end":{"line":33,"column":97}},{"start":{"line":32,"column":9},"end":{"line":33,"column":97}}]},"7":{"loc":{"start":{"line":32,"column":9},"end":{"line":33,"column":97}},"type":"if","locations":[{"start":{"line":32,"column":9},"end":{"line":33,"column":97}},{"start":{"line":33,"column":9},"end":{"line":33,"column":97}}]},"8":{"loc":{"start":{"line":33,"column":9},"end":{"line":33,"column":97}},"type":"if","locations":[{"start":{"line":33,"column":9},"end":{"line":33,"column":97}}]},"9":{"loc":{"start":{"line":33,"column":13},"end":{"line":33,"column":77}},"type":"binary-expr","locations":[{"start":{"line":33,"column":13},"end":{"line":33,"column":42}},{"start":{"line":33,"column":46},"end":{"line":33,"column":77}}]},"10":{"loc":{"start":{"line":36,"column":4},"end":{"line":41,"column":58}},"type":"if","locations":[{"start":{"line":36,"column":4},"end":{"line":41,"column":58}},{"start":{"line":37,"column":9},"end":{"line":41,"column":58}}]},"11":{"loc":{"start":{"line":37,"column":9},"end":{"line":41,"column":58}},"type":"if","locations":[{"start":{"line":37,"column":9},"end":{"line":41,"column":58}},{"start":{"line":38,"column":9},"end":{"line":41,"column":58}}]},"12":{"loc":{"start":{"line":38,"column":9},"end":{"line":41,"column":58}},"type":"if","locations":[{"start":{"line":38,"column":9},"end":{"line":41,"column":58}},{"start":{"line":39,"column":9},"end":{"line":41,"column":58}}]},"13":{"loc":{"start":{"line":39,"column":9},"end":{"line":41,"column":58}},"type":"if","locations":[{"start":{"line":39,"column":9},"end":{"line":41,"column":58}},{"start":{"line":40,"column":9},"end":{"line":41,"column":58}}]},"14":{"loc":{"start":{"line":40,"column":9},"end":{"line":41,"column":58}},"type":"if","locations":[{"start":{"line":40,"column":9},"end":{"line":41,"column":58}},{"start":{"line":41,"column":9},"end":{"line":41,"column":58}}]},"15":{"loc":{"start":{"line":40,"column":13},"end":{"line":40,"column":77}},"type":"binary-expr","locations":[{"start":{"line":40,"column":13},"end":{"line":40,"column":44}},{"start":{"line":40,"column":48},"end":{"line":40,"column":77}}]},"16":{"loc":{"start":{"line":41,"column":9},"end":{"line":41,"column":58}},"type":"if","locations":[{"start":{"line":41,"column":9},"end":{"line":41,"column":58}}]},"17":{"loc":{"start":{"line":46,"column":6},"end":{"line":51,"column":17}},"type":"binary-expr","locations":[{"start":{"line":46,"column":6},"end":{"line":46,"column":19}},{"start":{"line":47,"column":6},"end":{"line":47,"column":37}},{"start":{"line":48,"column":7},"end":{"line":48,"column":98}},{"start":{"line":49,"column":6},"end":{"line":49,"column":12}},{"start":{"line":50,"column":6},"end":{"line":50,"column":35}},{"start":{"line":51,"column":6},"end":{"line":51,"column":17}}]},"18":{"loc":{"start":{"line":48,"column":7},"end":{"line":48,"column":98}},"type":"cond-expr","locations":[{"start":{"line":48,"column":40},"end":{"line":48,"column":91}},{"start":{"line":48,"column":94},"end":{"line":48,"column":98}}]},"19":{"loc":{"start":{"line":53,"column":13},"end":{"line":53,"column":87}},"type":"cond-expr","locations":[{"start":{"line":53,"column":41},"end":{"line":53,"column":73}},{"start":{"line":53,"column":76},"end":{"line":53,"column":87}}]},"20":{"loc":{"start":{"line":54,"column":4},"end":{"line":54,"column":59}},"type":"if","locations":[{"start":{"line":54,"column":4},"end":{"line":54,"column":59}}]},"21":{"loc":{"start":{"line":54,"column":8},"end":{"line":54,"column":40}},"type":"binary-expr","locations":[{"start":{"line":54,"column":8},"end":{"line":54,"column":18}},{"start":{"line":54,"column":22},"end":{"line":54,"column":40}}]},"22":{"loc":{"start":{"line":61,"column":4},"end":{"line":63,"column":5}},"type":"if","locations":[{"start":{"line":61,"column":4},"end":{"line":63,"column":5}}]},"23":{"loc":{"start":{"line":61,"column":8},"end":{"line":61,"column":43}},"type":"binary-expr","locations":[{"start":{"line":61,"column":8},"end":{"line":61,"column":20}},{"start":{"line":61,"column":24},"end":{"line":61,"column":43}}]},"24":{"loc":{"start":{"line":84,"column":6},"end":{"line":84,"column":29}},"type":"cond-expr","locations":[{"start":{"line":84,"column":13},"end":{"line":84,"column":25}},{"start":{"line":84,"column":28},"end":{"line":84,"column":29}}]},"25":{"loc":{"start":{"line":85,"column":6},"end":{"line":85,"column":31}},"type":"cond-expr","locations":[{"start":{"line":85,"column":14},"end":{"line":85,"column":27}},{"start":{"line":85,"column":30},"end":{"line":85,"column":31}}]},"26":{"loc":{"start":{"line":98,"column":22},"end":{"line":98,"column":53}},"type":"binary-expr","locations":[{"start":{"line":98,"column":22},"end":{"line":98,"column":47}},{"start":{"line":98,"column":51},"end":{"line":98,"column":53}}]}},"s":{"0":1,"1":1,"2":1,"3":1,"4":1,"5":10,"6":0,"7":3,"8":1,"9":2,"10":2,"11":1,"12":1,"13":1,"14":1,"15":0,"16":1,"17":0,"18":1,"19":0,"20":1,"21":0,"22":1,"23":0,"24":1,"25":1,"26":0,"27":1,"28":0,"29":1,"30":0,"31":1,"32":0,"33":1,"34":0,"35":1,"36":0,"37":1,"38":1,"39":1,"40":1,"41":0,"42":1,"43":2,"44":1,"45":1,"46":1,"47":1,"48":1,"49":1,"50":1,"51":1,"52":1,"53":1,"54":1,"55":1,"56":1,"57":1,"58":1,"59":1},"f":{"0":10,"1":0,"2":3,"3":2,"4":1,"5":1,"6":1,"7":1},"b":{"0":[1],"1":[3,2],"2":[1],"3":[1,0],"4":[0,1],"5":[0,1],"6":[0,1],"7":[0,1],"8":[0],"9":[1,1],"10":[0,1],"11":[0,1],"12":[0,1],"13":[0,1],"14":[0,1],"15":[1,1],"16":[0],"17":[1,1,1,1,0,0],"18":[0,1],"19":[1,0],"20":[0],"21":[1,1],"22":[1],"23":[2,1],"24":[1,0],"25":[1,0],"26":[1,0]}}
,"C:\\Users\\Ronald Vizcaya\\.gemini\\antigravity-ide\\scratch\\sistema-autenticacion-p4\\backend\\src\\auth\\auth.service.ts": {"path":"C:\\Users\\Ronald Vizcaya\\.gemini\\antigravity-ide\\scratch\\sistema-autenticacion-p4\\backend\\src\\auth\\auth.service.ts","statementMap":{"0":{"start":{"line":1,"column":0},"end":{"line":1,"column":67}},"1":{"start":{"line":2,"column":0},"end":{"line":2,"column":41}},"2":{"start":{"line":3,"column":0},"end":{"line":3,"column":47}},"3":{"start":{"line":4,"column":0},"end":{"line":4,"column":51}},"4":{"start":{"line":5,"column":0},"end":{"line":5,"column":37}},"5":{"start":{"line":6,"column":0},"end":{"line":6,"column":33}},"6":{"start":{"line":7,"column":0},"end":{"line":7,"column":43}},"7":{"start":{"line":8,"column":0},"end":{"line":8,"column":54}},"8":{"start":{"line":9,"column":0},"end":{"line":9,"column":43}},"9":{"start":{"line":12,"column":7},"end":{"line":170,"column":null}},"10":{"start":{"line":16,"column":21},"end":{"line":16,"column":35}},"11":{"start":{"line":17,"column":21},"end":{"line":17,"column":33}},"12":{"start":{"line":18,"column":21},"end":{"line":18,"column":36}},"13":{"start":{"line":20,"column":21},"end":{"line":20,"column":41}},"14":{"start":{"line":13,"column":10},"end":{"line":13,"column":87}},"15":{"start":{"line":24,"column":4},"end":{"line":29,"column":7}},"16":{"start":{"line":25,"column":27},"end":{"line":27,"column":8}},"17":{"start":{"line":26,"column":8},"end":{"line":26,"column":54}},"18":{"start":{"line":28,"column":6},"end":{"line":28,"column":46}},"19":{"start":{"line":28,"column":19},"end":{"line":28,"column":45}},"20":{"start":{"line":33,"column":17},"end":{"line":33,"column":63}},"21":{"start":{"line":34,"column":4},"end":{"line":40,"column":5}},"22":{"start":{"line":35,"column":22},"end":{"line":35,"column":60}},"23":{"start":{"line":36,"column":6},"end":{"line":39,"column":7}},"24":{"start":{"line":37,"column":55},"end":{"line":37,"column":59}},"25":{"start":{"line":38,"column":8},"end":{"line":38,"column":22}},"26":{"start":{"line":41,"column":4},"end":{"line":41,"column":16}},"27":{"start":{"line":45,"column":24},"end":{"line":50,"column":6}},"28":{"start":{"line":51,"column":27},"end":{"line":51,"column":74}},"29":{"start":{"line":53,"column":20},"end":{"line":53,"column":104}},"30":{"start":{"line":55,"column":24},"end":{"line":58,"column":6}},"31":{"start":{"line":60,"column":25},"end":{"line":63,"column":6}},"32":{"start":{"line":65,"column":31},"end":{"line":65,"column":66}},"33":{"start":{"line":66,"column":4},"end":{"line":66,"column":73}},"34":{"start":{"line":68,"column":4},"end":{"line":72,"column":6}},"35":{"start":{"line":76,"column":18},"end":{"line":77,"column":56}},"36":{"start":{"line":79,"column":4},"end":{"line":81,"column":5}},"37":{"start":{"line":80,"column":6},"end":{"line":80,"column":61}},"38":{"start":{"line":83,"column":4},"end":{"line":84,"column":47}},"39":{"start":{"line":86,"column":18},"end":{"line":86,"column":40}},"40":{"start":{"line":87,"column":21},"end":{"line":90,"column":16}},"41":{"start":{"line":92,"column":4},"end":{"line":98,"column":6}},"42":{"start":{"line":102,"column":19},"end":{"line":104,"column":6}},"43":{"start":{"line":106,"column":4},"end":{"line":110,"column":5}},"44":{"start":{"line":107,"column":6},"end":{"line":107,"column":80}},"45":{"start":{"line":109,"column":6},"end":{"line":109,"column":60}},"46":{"start":{"line":112,"column":4},"end":{"line":112,"column":56}},"47":{"start":{"line":116,"column":17},"end":{"line":116,"column":57}},"48":{"start":{"line":117,"column":4},"end":{"line":119,"column":5}},"49":{"start":{"line":118,"column":6},"end":{"line":118,"column":57}},"50":{"start":{"line":121,"column":32},"end":{"line":121,"column":89}},"51":{"start":{"line":122,"column":4},"end":{"line":124,"column":5}},"52":{"start":{"line":123,"column":6},"end":{"line":123,"column":64}},"53":{"start":{"line":126,"column":25},"end":{"line":126,"column":61}},"54":{"start":{"line":127,"column":20},"end":{"line":132,"column":6}},"55":{"start":{"line":134,"column":27},"end":{"line":137,"column":6}},"56":{"start":{"line":139,"column":4},"end":{"line":141,"column":6}},"57":{"start":{"line":145,"column":4},"end":{"line":145,"column":58}},"58":{"start":{"line":147,"column":18},"end":{"line":147,"column":20}},"59":{"start":{"line":148,"column":4},"end":{"line":151,"column":69}},"60":{"start":{"line":148,"column":40},"end":{"line":148,"column":68}},"61":{"start":{"line":149,"column":9},"end":{"line":151,"column":69}},"62":{"start":{"line":149,"column":41},"end":{"line":149,"column":68}},"63":{"start":{"line":150,"column":9},"end":{"line":151,"column":69}},"64":{"start":{"line":150,"column":44},"end":{"line":150,"column":70}},"65":{"start":{"line":151,"column":9},"end":{"line":151,"column":69}},"66":{"start":{"line":151,"column":44},"end":{"line":151,"column":69}},"67":{"start":{"line":153,"column":18},"end":{"line":155,"column":65}},"68":{"start":{"line":157,"column":4},"end":{"line":159,"column":5}},"69":{"start":{"line":158,"column":6},"end":{"line":158,"column":87}},"70":{"start":{"line":161,"column":29},"end":{"line":161,"column":86}},"71":{"start":{"line":163,"column":4},"end":{"line":166,"column":5}},"72":{"start":{"line":164,"column":6},"end":{"line":164,"column":90}},"73":{"start":{"line":165,"column":6},"end":{"line":165,"column":81}},"74":{"start":{"line":168,"column":4},"end":{"line":168,"column":55}},"75":{"start":{"line":12,"column":13},"end":{"line":12,"column":24}},"76":{"start":{"line":12,"column":13},"end":{"line":170,"column":null}}},"fnMap":{"0":{"name":"(anonymous_4)","decl":{"start":{"line":15,"column":2},"end":{"line":15,"column":null}},"loc":{"start":{"line":20,"column":60},"end":{"line":21,"column":7}}},"1":{"name":"(anonymous_5)","decl":{"start":{"line":23,"column":2},"end":{"line":23,"column":21}},"loc":{"start":{"line":23,"column":21},"end":{"line":30,"column":3}}},"2":{"name":"(anonymous_6)","decl":{"start":{"line":24,"column":26},"end":{"line":24,"column":27}},"loc":{"start":{"line":24,"column":39},"end":{"line":29,"column":5}}},"3":{"name":"(anonymous_7)","decl":{"start":{"line":25,"column":63},"end":{"line":25,"column":64}},"loc":{"start":{"line":25,"column":72},"end":{"line":27,"column":7}}},"4":{"name":"(anonymous_8)","decl":{"start":{"line":28,"column":13},"end":{"line":28,"column":16}},"loc":{"start":{"line":28,"column":19},"end":{"line":28,"column":45}}},"5":{"name":"(anonymous_9)","decl":{"start":{"line":32,"column":2},"end":{"line":32,"column":7}},"loc":{"start":{"line":32,"column":50},"end":{"line":42,"column":3}}},"6":{"name":"(anonymous_10)","decl":{"start":{"line":44,"column":2},"end":{"line":44,"column":7}},"loc":{"start":{"line":44,"column":86},"end":{"line":73,"column":3}}},"7":{"name":"(anonymous_11)","decl":{"start":{"line":75,"column":2},"end":{"line":75,"column":7}},"loc":{"start":{"line":75,"column":93},"end":{"line":99,"column":3}}},"8":{"name":"(anonymous_12)","decl":{"start":{"line":101,"column":2},"end":{"line":101,"column":7}},"loc":{"start":{"line":101,"column":55},"end":{"line":113,"column":3}}},"9":{"name":"(anonymous_13)","decl":{"start":{"line":115,"column":2},"end":{"line":115,"column":7}},"loc":{"start":{"line":115,"column":58},"end":{"line":142,"column":3}}},"10":{"name":"(anonymous_14)","decl":{"start":{"line":144,"column":2},"end":{"line":144,"column":7}},"loc":{"start":{"line":144,"column":53},"end":{"line":169,"column":3}}}},"branchMap":{"0":{"loc":{"start":{"line":34,"column":4},"end":{"line":40,"column":5}},"type":"if","locations":[{"start":{"line":34,"column":4},"end":{"line":40,"column":5}}]},"1":{"loc":{"start":{"line":36,"column":6},"end":{"line":39,"column":7}},"type":"if","locations":[{"start":{"line":36,"column":6},"end":{"line":39,"column":7}}]},"2":{"loc":{"start":{"line":44,"column":25},"end":{"line":44,"column":60}},"type":"default-arg","locations":[{"start":{"line":44,"column":45},"end":{"line":44,"column":60}}]},"3":{"loc":{"start":{"line":44,"column":62},"end":{"line":44,"column":86}},"type":"default-arg","locations":[{"start":{"line":44,"column":75},"end":{"line":44,"column":86}}]},"4":{"loc":{"start":{"line":48,"column":16},"end":{"line":48,"column":33}},"type":"binary-expr","locations":[{"start":{"line":48,"column":16},"end":{"line":48,"column":18}},{"start":{"line":48,"column":22},"end":{"line":48,"column":33}}]},"5":{"loc":{"start":{"line":75,"column":57},"end":{"line":75,"column":73}},"type":"default-arg","locations":[{"start":{"line":75,"column":72},"end":{"line":75,"column":73}}]},"6":{"loc":{"start":{"line":75,"column":75},"end":{"line":75,"column":93}},"type":"default-arg","locations":[{"start":{"line":75,"column":91},"end":{"line":75,"column":93}}]},"7":{"loc":{"start":{"line":79,"column":4},"end":{"line":81,"column":5}},"type":"if","locations":[{"start":{"line":79,"column":4},"end":{"line":81,"column":5}}]},"8":{"loc":{"start":{"line":79,"column":8},"end":{"line":79,"column":36}},"type":"binary-expr","locations":[{"start":{"line":79,"column":8},"end":{"line":79,"column":14}},{"start":{"line":79,"column":18},"end":{"line":79,"column":36}}]},"9":{"loc":{"start":{"line":106,"column":4},"end":{"line":110,"column":5}},"type":"if","locations":[{"start":{"line":106,"column":4},"end":{"line":110,"column":5}}]},"10":{"loc":{"start":{"line":117,"column":4},"end":{"line":119,"column":5}},"type":"if","locations":[{"start":{"line":117,"column":4},"end":{"line":119,"column":5}}]},"11":{"loc":{"start":{"line":117,"column":8},"end":{"line":117,"column":39}},"type":"binary-expr","locations":[{"start":{"line":117,"column":8},"end":{"line":117,"column":13}},{"start":{"line":117,"column":17},"end":{"line":117,"column":39}}]},"12":{"loc":{"start":{"line":122,"column":4},"end":{"line":124,"column":5}},"type":"if","locations":[{"start":{"line":122,"column":4},"end":{"line":124,"column":5}}]},"13":{"loc":{"start":{"line":144,"column":31},"end":{"line":144,"column":53}},"type":"default-arg","locations":[{"start":{"line":144,"column":51},"end":{"line":144,"column":53}}]},"14":{"loc":{"start":{"line":148,"column":4},"end":{"line":151,"column":69}},"type":"if","locations":[{"start":{"line":148,"column":4},"end":{"line":151,"column":69}},{"start":{"line":149,"column":9},"end":{"line":151,"column":69}}]},"15":{"loc":{"start":{"line":149,"column":9},"end":{"line":151,"column":69}},"type":"if","locations":[{"start":{"line":149,"column":9},"end":{"line":151,"column":69}},{"start":{"line":150,"column":9},"end":{"line":151,"column":69}}]},"16":{"loc":{"start":{"line":150,"column":9},"end":{"line":151,"column":69}},"type":"if","locations":[{"start":{"line":150,"column":9},"end":{"line":151,"column":69}},{"start":{"line":151,"column":9},"end":{"line":151,"column":69}}]},"17":{"loc":{"start":{"line":151,"column":9},"end":{"line":151,"column":69}},"type":"if","locations":[{"start":{"line":151,"column":9},"end":{"line":151,"column":69}}]},"18":{"loc":{"start":{"line":157,"column":4},"end":{"line":159,"column":5}},"type":"if","locations":[{"start":{"line":157,"column":4},"end":{"line":159,"column":5}}]},"19":{"loc":{"start":{"line":163,"column":4},"end":{"line":166,"column":5}},"type":"if","locations":[{"start":{"line":163,"column":4},"end":{"line":166,"column":5}}]}},"s":{"0":2,"1":2,"2":2,"3":2,"4":2,"5":2,"6":2,"7":2,"8":2,"9":2,"10":15,"11":15,"12":15,"13":15,"14":15,"15":1,"16":1,"17":1,"18":1,"19":1,"20":2,"21":2,"22":2,"23":2,"24":1,"25":1,"26":1,"27":1,"28":1,"29":1,"30":1,"31":1,"32":1,"33":1,"34":1,"35":2,"36":2,"37":1,"38":2,"39":2,"40":2,"41":2,"42":1,"43":1,"44":1,"45":1,"46":1,"47":3,"48":3,"49":1,"50":2,"51":2,"52":1,"53":1,"54":1,"55":1,"56":1,"57":4,"58":4,"59":4,"60":1,"61":3,"62":1,"63":2,"64":1,"65":1,"66":1,"67":4,"68":4,"69":4,"70":4,"71":4,"72":4,"73":4,"74":4,"75":2,"76":2},"f":{"0":15,"1":1,"2":1,"3":1,"4":1,"5":2,"6":1,"7":2,"8":1,"9":3,"10":4},"b":{"0":[2],"1":[1],"2":[0],"3":[0],"4":[1,0],"5":[0],"6":[0],"7":[1],"8":[2,2],"9":[1],"10":[1],"11":[3,2],"12":[1],"13":[0],"14":[1,3],"15":[1,2],"16":[1,1],"17":[1],"18":[4],"19":[4]}}
,"C:\\Users\\Ronald Vizcaya\\.gemini\\antigravity-ide\\scratch\\sistema-autenticacion-p4\\backend\\src\\auth\\jwt.strategy.ts": {"path":"C:\\Users\\Ronald Vizcaya\\.gemini\\antigravity-ide\\scratch\\sistema-autenticacion-p4\\backend\\src\\auth\\jwt.strategy.ts","statementMap":{"0":{"start":{"line":1,"column":0},"end":{"line":1,"column":67}},"1":{"start":{"line":2,"column":0},"end":{"line":2,"column":52}},"2":{"start":{"line":3,"column":0},"end":{"line":3,"column":52}},"3":{"start":{"line":4,"column":0},"end":{"line":4,"column":47}},"4":{"start":{"line":5,"column":0},"end":{"line":5,"column":51}},"5":{"start":{"line":6,"column":0},"end":{"line":6,"column":37}},"6":{"start":{"line":7,"column":0},"end":{"line":7,"column":54}},"7":{"start":{"line":8,"column":0},"end":{"line":8,"column":43}},"8":{"start":{"line":11,"column":7},"end":{"line":45,"column":null}},"9":{"start":{"line":18,"column":4},"end":{"line":23,"column":7}},"10":{"start":{"line":13,"column":21},"end":{"line":13,"column":36}},"11":{"start":{"line":14,"column":21},"end":{"line":14,"column":35}},"12":{"start":{"line":16,"column":21},"end":{"line":16,"column":41}},"13":{"start":{"line":27,"column":17},"end":{"line":27,"column":62}},"14":{"start":{"line":28,"column":4},"end":{"line":30,"column":5}},"15":{"start":{"line":29,"column":6},"end":{"line":29,"column":81}},"16":{"start":{"line":32,"column":4},"end":{"line":40,"column":5}},"17":{"start":{"line":33,"column":31},"end":{"line":35,"column":8}},"18":{"start":{"line":37,"column":6},"end":{"line":39,"column":7}},"19":{"start":{"line":38,"column":8},"end":{"line":38,"column":109}},"20":{"start":{"line":42,"column":63},"end":{"line":42,"column":67}},"21":{"start":{"line":43,"column":4},"end":{"line":43,"column":30}},"22":{"start":{"line":11,"column":13},"end":{"line":11,"column":24}},"23":{"start":{"line":11,"column":13},"end":{"line":45,"column":null}}},"fnMap":{"0":{"name":"(anonymous_4)","decl":{"start":{"line":12,"column":2},"end":{"line":12,"column":null}},"loc":{"start":{"line":16,"column":60},"end":{"line":24,"column":3}}},"1":{"name":"(anonymous_5)","decl":{"start":{"line":26,"column":2},"end":{"line":26,"column":7}},"loc":{"start":{"line":26,"column":88},"end":{"line":44,"column":3}}}},"branchMap":{"0":{"loc":{"start":{"line":28,"column":4},"end":{"line":30,"column":5}},"type":"if","locations":[{"start":{"line":28,"column":4},"end":{"line":30,"column":5}}]},"1":{"loc":{"start":{"line":32,"column":4},"end":{"line":40,"column":5}},"type":"if","locations":[{"start":{"line":32,"column":4},"end":{"line":40,"column":5}}]},"2":{"loc":{"start":{"line":37,"column":6},"end":{"line":39,"column":7}},"type":"if","locations":[{"start":{"line":37,"column":6},"end":{"line":39,"column":7}}]},"3":{"loc":{"start":{"line":37,"column":10},"end":{"line":37,"column":67}},"type":"binary-expr","locations":[{"start":{"line":37,"column":10},"end":{"line":37,"column":27}},{"start":{"line":37,"column":31},"end":{"line":37,"column":67}}]}},"s":{"0":1,"1":1,"2":1,"3":1,"4":1,"5":1,"6":1,"7":1,"8":1,"9":3,"10":3,"11":3,"12":3,"13":2,"14":2,"15":0,"16":2,"17":2,"18":2,"19":1,"20":1,"21":1,"22":1,"23":1},"f":{"0":3,"1":2},"b":{"0":[0],"1":[2],"2":[1],"3":[2,1]}}
,"C:\\Users\\Ronald Vizcaya\\.gemini\\antigravity-ide\\scratch\\sistema-autenticacion-p4\\backend\\src\\auth\\session.entity.ts": {"path":"C:\\Users\\Ronald Vizcaya\\.gemini\\antigravity-ide\\scratch\\sistema-autenticacion-p4\\backend\\src\\auth\\session.entity.ts","statementMap":{"0":{"start":{"line":1,"column":0},"end":{"line":1,"column":106}},"1":{"start":{"line":2,"column":0},"end":{"line":2,"column":44}},"2":{"start":{"line":5,"column":7},"end":{"line":27,"column":null}},"3":{"start":{"line":5,"column":13},"end":{"line":5,"column":20}},"4":{"start":{"line":7,"column":2},"end":{"line":7,"column":null}},"5":{"start":{"line":10,"column":2},"end":{"line":10,"column":null}},"6":{"start":{"line":13,"column":2},"end":{"line":13,"column":null}},"7":{"start":{"line":16,"column":2},"end":{"line":16,"column":null}},"8":{"start":{"line":19,"column":2},"end":{"line":19,"column":null}},"9":{"start":{"line":22,"column":2},"end":{"line":22,"column":null}},"10":{"start":{"line":26,"column":2},"end":{"line":26,"column":null}},"11":{"start":{"line":24,"column":19},"end":{"line":24,"column":23}},"12":{"start":{"line":5,"column":13},"end":{"line":27,"column":null}}},"fnMap":{"0":{"name":"(anonymous_2)","decl":{"start":{"line":24,"column":13},"end":{"line":24,"column":16}},"loc":{"start":{"line":24,"column":19},"end":{"line":24,"column":23}}}},"branchMap":{},"s":{"0":3,"1":3,"2":3,"3":3,"4":3,"5":3,"6":3,"7":3,"8":3,"9":3,"10":3,"11":0,"12":3},"f":{"0":0},"b":{}}
,"C:\\Users\\Ronald Vizcaya\\.gemini\\antigravity-ide\\scratch\\sistema-autenticacion-p4\\backend\\src\\users\\user.entity.ts": {"path":"C:\\Users\\Ronald Vizcaya\\.gemini\\antigravity-ide\\scratch\\sistema-autenticacion-p4\\backend\\src\\users\\user.entity.ts","statementMap":{"0":{"start":{"line":1,"column":0},"end":{"line":1,"column":101}},"1":{"start":{"line":4,"column":7},"end":{"line":34,"column":null}},"2":{"start":{"line":4,"column":13},"end":{"line":4,"column":17}},"3":{"start":{"line":6,"column":2},"end":{"line":6,"column":null}},"4":{"start":{"line":9,"column":2},"end":{"line":9,"column":null}},"5":{"start":{"line":12,"column":2},"end":{"line":12,"column":null}},"6":{"start":{"line":15,"column":2},"end":{"line":15,"column":null}},"7":{"start":{"line":18,"column":2},"end":{"line":18,"column":null}},"8":{"start":{"line":21,"column":2},"end":{"line":21,"column":null}},"9":{"start":{"line":24,"column":2},"end":{"line":24,"column":null}},"10":{"start":{"line":27,"column":2},"end":{"line":27,"column":null}},"11":{"start":{"line":30,"column":2},"end":{"line":30,"column":null}},"12":{"start":{"line":33,"column":2},"end":{"line":33,"column":null}},"13":{"start":{"line":4,"column":13},"end":{"line":34,"column":null}}},"fnMap":{},"branchMap":{},"s":{"0":4,"1":4,"2":4,"3":4,"4":4,"5":4,"6":4,"7":4,"8":4,"9":4,"10":4,"11":4,"12":4,"13":4},"f":{},"b":{}}
,"C:\\Users\\Ronald Vizcaya\\.gemini\\antigravity-ide\\scratch\\sistema-autenticacion-p4\\backend\\src\\users\\users.service.ts": {"path":"C:\\Users\\Ronald Vizcaya\\.gemini\\antigravity-ide\\scratch\\sistema-autenticacion-p4\\backend\\src\\users\\users.service.ts","statementMap":{"0":{"start":{"line":1,"column":0},"end":{"line":1,"column":44}},"1":{"start":{"line":2,"column":0},"end":{"line":2,"column":51}},"2":{"start":{"line":3,"column":0},"end":{"line":3,"column":37}},"3":{"start":{"line":4,"column":0},"end":{"line":4,"column":37}},"4":{"start":{"line":7,"column":7},"end":{"line":24,"column":null}},"5":{"start":{"line":10,"column":21},"end":{"line":10,"column":38}},"6":{"start":{"line":14,"column":4},"end":{"line":14,"column":64}},"7":{"start":{"line":18,"column":4},"end":{"line":18,"column":59}},"8":{"start":{"line":22,"column":4},"end":{"line":22,"column":68}},"9":{"start":{"line":7,"column":13},"end":{"line":7,"column":25}},"10":{"start":{"line":7,"column":13},"end":{"line":24,"column":null}}},"fnMap":{"0":{"name":"(anonymous_4)","decl":{"start":{"line":8,"column":2},"end":{"line":8,"column":null}},"loc":{"start":{"line":10,"column":54},"end":{"line":11,"column":6}}},"1":{"name":"(anonymous_5)","decl":{"start":{"line":13,"column":2},"end":{"line":13,"column":7}},"loc":{"start":{"line":13,"column":37},"end":{"line":15,"column":3}}},"2":{"name":"(anonymous_6)","decl":{"start":{"line":17,"column":2},"end":{"line":17,"column":7}},"loc":{"start":{"line":17,"column":27},"end":{"line":19,"column":3}}},"3":{"name":"(anonymous_7)","decl":{"start":{"line":21,"column":2},"end":{"line":21,"column":7}},"loc":{"start":{"line":21,"column":71},"end":{"line":23,"column":3}}}},"branchMap":{},"s":{"0":4,"1":4,"2":4,"3":4,"4":4,"5":4,"6":1,"7":1,"8":1,"9":4,"10":4},"f":{"0":4,"1":1,"2":1,"3":1},"b":{}}
}
