TN:
SF:src\auth\auth.controller.ts
FN:8,(anonymous_4)
FN:11,(anonymous_5)
FN:16,(anonymous_6)
FN:60,(anonymous_7)
FN:69,(anonymous_8)
FN:75,(anonymous_9)
FN:91,(anonymous_10)
FN:97,(anonymous_11)
FNF:8
FNH:7
FNDA:10,(anonymous_4)
FNDA:0,(anonymous_5)
FNDA:3,(anonymous_6)
FNDA:2,(anonymous_7)
FNDA:1,(anonymous_8)
FNDA:1,(anonymous_9)
FNDA:1,(anonymous_10)
FNDA:1,(anonymous_11)
DA:1,1
DA:2,1
DA:3,1
DA:4,1
DA:7,1
DA:8,10
DA:11,1
DA:12,0
DA:16,1
DA:17,3
DA:18,1
DA:21,2
DA:22,2
DA:23,1
DA:26,1
DA:28,1
DA:29,1
DA:30,1
DA:31,1
DA:32,1
DA:33,1
DA:35,1
DA:36,1
DA:37,1
DA:38,1
DA:39,1
DA:40,1
DA:41,1
DA:43,1
DA:46,1
DA:53,1
DA:54,1
DA:56,1
DA:60,1
DA:61,2
DA:62,1
DA:64,1
DA:69,1
DA:70,1
DA:75,1
DA:81,1
DA:91,1
DA:92,1
DA:97,1
DA:98,1
DA:99,1
LF:46
LH:45
BRDA:17,0,0,1
BRDA:17,1,0,3
BRDA:17,1,1,2
BRDA:22,2,0,1
BRDA:26,3,0,1
BRDA:26,3,1,0
BRDA:29,4,0,0
BRDA:29,4,1,1
BRDA:30,5,0,0
BRDA:30,5,1,1
BRDA:31,6,0,0
BRDA:31,6,1,1
BRDA:32,7,0,0
BRDA:32,7,1,1
BRDA:33,8,0,0
BRDA:33,9,0,1
BRDA:33,9,1,1
BRDA:36,10,0,0
BRDA:36,10,1,1
BRDA:37,11,0,0
BRDA:37,11,1,1
BRDA:38,12,0,0
BRDA:38,12,1,1
BRDA:39,13,0,0
BRDA:39,13,1,1
BRDA:40,14,0,0
BRDA:40,14,1,1
BRDA:40,15,0,1
BRDA:40,15,1,1
BRDA:41,16,0,0
BRDA:46,17,0,1
BRDA:46,17,1,1
BRDA:46,17,2,1
BRDA:46,17,3,1
BRDA:46,17,4,0
BRDA:46,17,5,0
BRDA:48,18,0,0
BRDA:48,18,1,1
BRDA:53,19,0,1
BRDA:53,19,1,0
BRDA:54,20,0,0
BRDA:54,21,0,1
BRDA:54,21,1,1
BRDA:61,22,0,1
BRDA:61,23,0,2
BRDA:61,23,1,1
BRDA:84,24,0,1
BRDA:84,24,1,0
BRDA:85,25,0,1
BRDA:85,25,1,0
BRDA:98,26,0,1
BRDA:98,26,1,0
BRF:52
BRH:32
end_of_record
TN:
SF:src\auth\auth.service.ts
FN:15,(anonymous_4)
FN:23,(anonymous_5)
FN:24,(anonymous_6)
FN:25,(anonymous_7)
FN:28,(anonymous_8)
FN:32,(anonymous_9)
FN:44,(anonymous_10)
FN:75,(anonymous_11)
FN:101,(anonymous_12)
FN:115,(anonymous_13)
FN:144,(anonymous_14)
FNF:11
FNH:11
FNDA:15,(anonymous_4)
FNDA:1,(anonymous_5)
FNDA:1,(anonymous_6)
FNDA:1,(anonymous_7)
FNDA:1,(anonymous_8)
FNDA:2,(anonymous_9)
FNDA:1,(anonymous_10)
FNDA:2,(anonymous_11)
FNDA:1,(anonymous_12)
FNDA:3,(anonymous_13)
FNDA:4,(anonymous_14)
DA:1,2
DA:2,2
DA:3,2
DA:4,2
DA:5,2
DA:6,2
DA:7,2
DA:8,2
DA:9,2
DA:12,2
DA:13,15
DA:16,15
DA:17,15
DA:18,15
DA:20,15
DA:24,1
DA:25,1
DA:26,1
DA:28,1
DA:33,2
DA:34,2
DA:35,2
DA:36,2
DA:37,1
DA:38,1
DA:41,1
DA:45,1
DA:51,1
DA:53,1
DA:55,1
DA:60,1
DA:65,1
DA:66,1
DA:68,1
DA:76,2
DA:79,2
DA:80,1
DA:83,2
DA:86,2
DA:87,2
DA:92,2
DA:102,1
DA:106,1
DA:107,1
DA:109,1
DA:112,1
DA:116,3
DA:117,3
DA:118,1
DA:121,2
DA:122,2
DA:123,1
DA:126,1
DA:127,1
DA:134,1
DA:139,1
DA:145,4
DA:147,4
DA:148,4
DA:149,3
DA:150,2
DA:151,1
DA:153,4
DA:157,4
DA:158,4
DA:161,4
DA:163,4
DA:164,4
DA:165,4
DA:168,4
LF:70
LH:70
BRDA:34,0,0,2
BRDA:36,1,0,1
BRDA:44,2,0,0
BRDA:44,3,0,0
BRDA:48,4,0,1
BRDA:48,4,1,0
BRDA:75,5,0,0
BRDA:75,6,0,0
BRDA:79,7,0,1
BRDA:79,8,0,2
BRDA:79,8,1,2
BRDA:106,9,0,1
BRDA:117,10,0,1
BRDA:117,11,0,3
BRDA:117,11,1,2
BRDA:122,12,0,1
BRDA:144,13,0,0
BRDA:148,14,0,1
BRDA:148,14,1,3
BRDA:149,15,0,1
BRDA:149,15,1,2
BRDA:150,16,0,1
BRDA:150,16,1,1
BRDA:151,17,0,1
BRDA:157,18,0,4
BRDA:163,19,0,4
BRF:26
BRH:20
end_of_record
TN:
SF:src\auth\jwt.strategy.ts
FN:12,(anonymous_4)
FN:26,(anonymous_5)
FNF:2
FNH:2
FNDA:3,(anonymous_4)
FNDA:2,(anonymous_5)
DA:1,1
DA:2,1
DA:3,1
DA:4,1
DA:5,1
DA:6,1
DA:7,1
DA:8,1
DA:11,1
DA:13,3
DA:14,3
DA:16,3
DA:18,3
DA:27,2
DA:28,2
DA:29,0
DA:32,2
DA:33,2
DA:37,2
DA:38,1
DA:42,1
DA:43,1
LF:22
LH:21
BRDA:28,0,0,0
BRDA:32,1,0,2
BRDA:37,2,0,1
BRDA:37,3,0,2
BRDA:37,3,1,1
BRF:5
BRH:4
end_of_record
TN:
SF:src\auth\session.entity.ts
FN:24,(anonymous_2)
FNF:1
FNH:0
FNDA:0,(anonymous_2)
DA:1,3
DA:2,3
DA:5,3
DA:7,3
DA:10,3
DA:13,3
DA:16,3
DA:19,3
DA:22,3
DA:24,0
DA:26,3
LF:11
LH:10
BRF:0
BRH:0
end_of_record
TN:
SF:src\users\user.entity.ts
FNF:0
FNH:0
DA:1,4
DA:4,4
DA:6,4
DA:9,4
DA:12,4
DA:15,4
DA:18,4
DA:21,4
DA:24,4
DA:27,4
DA:30,4
DA:33,4
LF:12
LH:12
BRF:0
BRH:0
end_of_record
TN:
SF:src\users\users.service.ts
FN:8,(anonymous_4)
FN:13,(anonymous_5)
FN:17,(anonymous_6)
FN:21,(anonymous_7)
FNF:4
FNH:4
FNDA:4,(anonymous_4)
FNDA:1,(anonymous_5)
FNDA:1,(anonymous_6)
FNDA:1,(anonymous_7)
DA:1,4
DA:2,4
DA:3,4
DA:4,4
DA:7,4
DA:10,4
DA:14,1
DA:18,1
DA:22,1
LF:9
LH:9
BRF:0
BRH:0
end_of_record
